Release 14.7 - xst P.20131013 (nt64)
Copyright (c) 1995-2013 Xilinx, Inc.  All rights reserved.
--> Parameter TMPDIR set to xst/projnav.tmp


Total REAL time to Xst completion: 0.00 secs
Total CPU time to Xst completion: 0.11 secs
 
--> Parameter xsthdpdir set to xst


Total REAL time to Xst completion: 0.00 secs
Total CPU time to Xst completion: 0.11 secs
 
--> Reading design: cunchuqi.prj

TABLE OF CONTENTS
  1) Synthesis Options Summary
  2) HDL Parsing
  3) HDL Elaboration
  4) HDL Synthesis
       4.1) HDL Synthesis Report
  5) Advanced HDL Synthesis
       5.1) Advanced HDL Synthesis Report
  6) Low Level Synthesis
  7) Partition Report
  8) Design Summary
       8.1) Primitive and Black Box Usage
       8.2) Device utilization summary
       8.3) Partition Resource Summary
       8.4) Timing Report
            8.4.1) Clock Information
            8.4.2) Asynchronous Control Signals Information
            8.4.3) Timing Summary
            8.4.4) Timing Details
            8.4.5) Cross Clock Domains Report


=========================================================================
*                      Synthesis Options Summary                        *
=========================================================================
---- Source Parameters
Input File Name                    : "cunchuqi.prj"
Ignore Synthesis Constraint File   : NO

---- Target Parameters
Output File Name                   : "cunchuqi"
Output Format                      : NGC
Target Device                      : xc7a100t-2L-fgg484

---- Source Options
Top Module Name                    : cunchuqi
Automatic FSM Extraction           : YES
FSM Encoding Algorithm             : Auto
Safe Implementation                : No
FSM Style                          : LUT
RAM Extraction                     : Yes
RAM Style                          : Auto
ROM Extraction                     : Yes
Shift Register Extraction          : YES
ROM Style                          : Auto
Resource Sharing                   : YES
Asynchronous To Synchronous        : NO
Shift Register Minimum Size        : 2
Use DSP Block                      : Auto
Automatic Register Balancing       : No

---- Target Options
LUT Combining                      : Auto
Reduce Control Sets                : Auto
Add IO Buffers                     : YES
Global Maximum Fanout              : 100000
Add Generic Clock Buffer(BUFG)     : 32
Register Duplication               : YES
Optimize Instantiated Primitives   : NO
Use Clock Enable                   : Auto
Use Synchronous Set                : Auto
Use Synchronous Reset              : Auto
Pack IO Registers into IOBs        : Auto
Equivalent register Removal        : YES

---- General Options
Optimization Goal                  : Speed
Optimization Effort                : 1
Power Reduction                    : NO
Keep Hierarchy                     : No
Netlist Hierarchy                  : As_Optimized
RTL Output                         : Yes
Global Optimization                : AllClockNets
Read Cores                         : YES
Write Timing Constraints           : NO
Cross Clock Analysis               : NO
Hierarchy Separator                : /
Bus Delimiter                      : <>
Case Specifier                     : Maintain
Slice Utilization Ratio            : 100
BRAM Utilization Ratio             : 100
DSP48 Utilization Ratio            : 100
Auto BRAM Packing                  : NO
Slice Utilization Ratio Delta      : 5

=========================================================================


=========================================================================
*                          HDL Parsing                                  *
=========================================================================
Analyzing Verilog file "D:\zuchengyuanli\cunchuqi\cunchuqi.v" into library work
Parsing module <cunchuqi>.

=========================================================================
*                            HDL Elaboration                            *
=========================================================================

Elaborating module <cunchuqi>.

=========================================================================
*                           HDL Synthesis                               *
=========================================================================

Synthesizing Unit <cunchuqi>.
    Related source file is "D:\zuchengyuanli\cunchuqi\cunchuqi.v".
WARNING:Xst:647 - Input <mem_arr<7:7>> is never used. This port will be preserved and left unconnected if it belongs to a top-level block or it belongs to a sub-block and the hierarchy of this sub-block is preserved.
    Found 8-bit register for signal <led>.
    Found 32x64-bit single-port RAM <Mram_data> for signal <data>.
    Found 8-bit 4-to-1 multiplexer for signal <sw[1]_mem_arr[6]_wide_mux_5_OUT> created at line 32.
    Summary:
	inferred   1 RAM(s).
	inferred   8 D-type flip-flop(s).
	inferred   3 Multiplexer(s).
Unit <cunchuqi> synthesized.

=========================================================================
HDL Synthesis Report

Macro Statistics
# RAMs                                                 : 1
 32x64-bit single-port RAM                             : 1
# Registers                                            : 1
 8-bit register                                        : 1
# Multiplexers                                         : 3
 64-bit 2-to-1 multiplexer                             : 2
 8-bit 4-to-1 multiplexer                              : 1

=========================================================================

=========================================================================
*                       Advanced HDL Synthesis                          *
=========================================================================


Synthesizing (advanced) Unit <cunchuqi>.
INFO:Xst:3218 - HDL ADVISOR - The RAM <Mram_data> will be implemented on LUTs either because you have described an asynchronous read or because of currently unsupported block RAM features. If you have described an asynchronous read, making it synchronous would allow you to take advantage of available block RAM resources, for optimized device usage and improved timings. Please refer to your documentation for coding guidelines.
    -----------------------------------------------------------------------
    | ram_type           | Distributed                         |          |
    -----------------------------------------------------------------------
    | Port A                                                              |
    |     aspect ratio   | 32-word x 64-bit                    |          |
    |     clkA           | connected to signal <clk>           | rise     |
    |     weA            | connected to internal node          | high     |
    |     addrA          | connected to signal <mem_arr>       |          |
    |     diA            | connected to signal <(_n0043<1:47>,_n0096,_n0043<49:51>,_n0097,_n0043<53:64>)> |          |
    |     doA            | connected to internal node          |          |
    -----------------------------------------------------------------------
Unit <cunchuqi> synthesized (advanced).

=========================================================================
Advanced HDL Synthesis Report

Macro Statistics
# RAMs                                                 : 1
 32x64-bit single-port distributed RAM                 : 1
# Registers                                            : 8
 Flip-Flops                                            : 8
# Multiplexers                                         : 3
 64-bit 2-to-1 multiplexer                             : 2
 8-bit 4-to-1 multiplexer                              : 1

=========================================================================

=========================================================================
*                         Low Level Synthesis                           *
=========================================================================
WARNING:Xst:2677 - Node <Mram_data34> of sequential type is unconnected in block <cunchuqi>.
WARNING:Xst:2677 - Node <Mram_data33> of sequential type is unconnected in block <cunchuqi>.
WARNING:Xst:2677 - Node <Mram_data35> of sequential type is unconnected in block <cunchuqi>.
WARNING:Xst:2677 - Node <Mram_data36> of sequential type is unconnected in block <cunchuqi>.
WARNING:Xst:2677 - Node <Mram_data37> of sequential type is unconnected in block <cunchuqi>.
WARNING:Xst:2677 - Node <Mram_data38> of sequential type is unconnected in block <cunchuqi>.
WARNING:Xst:2677 - Node <Mram_data39> of sequential type is unconnected in block <cunchuqi>.
WARNING:Xst:2677 - Node <Mram_data40> of sequential type is unconnected in block <cunchuqi>.
WARNING:Xst:2677 - Node <Mram_data41> of sequential type is unconnected in block <cunchuqi>.
WARNING:Xst:2677 - Node <Mram_data42> of sequential type is unconnected in block <cunchuqi>.
WARNING:Xst:2677 - Node <Mram_data43> of sequential type is unconnected in block <cunchuqi>.
WARNING:Xst:2677 - Node <Mram_data44> of sequential type is unconnected in block <cunchuqi>.
WARNING:Xst:2677 - Node <Mram_data45> of sequential type is unconnected in block <cunchuqi>.
WARNING:Xst:2677 - Node <Mram_data46> of sequential type is unconnected in block <cunchuqi>.
WARNING:Xst:2677 - Node <Mram_data47> of sequential type is unconnected in block <cunchuqi>.
WARNING:Xst:2677 - Node <Mram_data48> of sequential type is unconnected in block <cunchuqi>.
WARNING:Xst:2677 - Node <Mram_data49> of sequential type is unconnected in block <cunchuqi>.
WARNING:Xst:2677 - Node <Mram_data50> of sequential type is unconnected in block <cunchuqi>.
WARNING:Xst:2677 - Node <Mram_data51> of sequential type is unconnected in block <cunchuqi>.
WARNING:Xst:2677 - Node <Mram_data52> of sequential type is unconnected in block <cunchuqi>.
WARNING:Xst:2677 - Node <Mram_data53> of sequential type is unconnected in block <cunchuqi>.
WARNING:Xst:2677 - Node <Mram_data54> of sequential type is unconnected in block <cunchuqi>.
WARNING:Xst:2677 - Node <Mram_data55> of sequential type is unconnected in block <cunchuqi>.
WARNING:Xst:2677 - Node <Mram_data56> of sequential type is unconnected in block <cunchuqi>.
WARNING:Xst:2677 - Node <Mram_data57> of sequential type is unconnected in block <cunchuqi>.
WARNING:Xst:2677 - Node <Mram_data58> of sequential type is unconnected in block <cunchuqi>.
WARNING:Xst:2677 - Node <Mram_data59> of sequential type is unconnected in block <cunchuqi>.
WARNING:Xst:2677 - Node <Mram_data60> of sequential type is unconnected in block <cunchuqi>.
WARNING:Xst:2677 - Node <Mram_data61> of sequential type is unconnected in block <cunchuqi>.
WARNING:Xst:2677 - Node <Mram_data62> of sequential type is unconnected in block <cunchuqi>.
WARNING:Xst:2677 - Node <Mram_data63> of sequential type is unconnected in block <cunchuqi>.
WARNING:Xst:2677 - Node <Mram_data64> of sequential type is unconnected in block <cunchuqi>.

Optimizing unit <cunchuqi> ...
INFO:Xst:2399 - RAMs <Mram_data1>, <Mram_data9> are equivalent, second RAM is removed
INFO:Xst:2399 - RAMs <Mram_data1>, <Mram_data23> are equivalent, second RAM is removed
INFO:Xst:2399 - RAMs <Mram_data1>, <Mram_data25> are equivalent, second RAM is removed
INFO:Xst:2399 - RAMs <Mram_data1>, <Mram_data27> are equivalent, second RAM is removed
INFO:Xst:2399 - RAMs <Mram_data1>, <Mram_data32> are equivalent, second RAM is removed
INFO:Xst:2399 - RAMs <Mram_data2>, <Mram_data3> are equivalent, second RAM is removed
INFO:Xst:2399 - RAMs <Mram_data2>, <Mram_data8> are equivalent, second RAM is removed
INFO:Xst:2399 - RAMs <Mram_data2>, <Mram_data12> are equivalent, second RAM is removed
INFO:Xst:2399 - RAMs <Mram_data2>, <Mram_data14> are equivalent, second RAM is removed
INFO:Xst:2399 - RAMs <Mram_data2>, <Mram_data16> are equivalent, second RAM is removed
INFO:Xst:2399 - RAMs <Mram_data2>, <Mram_data18> are equivalent, second RAM is removed
INFO:Xst:2399 - RAMs <Mram_data2>, <Mram_data20> are equivalent, second RAM is removed
INFO:Xst:2399 - RAMs <Mram_data2>, <Mram_data24> are equivalent, second RAM is removed
INFO:Xst:2399 - RAMs <Mram_data2>, <Mram_data28> are equivalent, second RAM is removed
INFO:Xst:2399 - RAMs <Mram_data2>, <Mram_data30> are equivalent, second RAM is removed
INFO:Xst:2399 - RAMs <Mram_data2>, <Mram_data31> are equivalent, second RAM is removed
INFO:Xst:2399 - RAMs <Mram_data4>, <Mram_data5> are equivalent, second RAM is removed
INFO:Xst:2399 - RAMs <Mram_data4>, <Mram_data7> are equivalent, second RAM is removed
INFO:Xst:2399 - RAMs <Mram_data4>, <Mram_data11> are equivalent, second RAM is removed
INFO:Xst:2399 - RAMs <Mram_data4>, <Mram_data21> are equivalent, second RAM is removed
INFO:Xst:2399 - RAMs <Mram_data4>, <Mram_data29> are equivalent, second RAM is removed
INFO:Xst:2399 - RAMs <Mram_data6>, <Mram_data10> are equivalent, second RAM is removed
INFO:Xst:2399 - RAMs <Mram_data6>, <Mram_data15> are equivalent, second RAM is removed
INFO:Xst:2399 - RAMs <Mram_data6>, <Mram_data19> are equivalent, second RAM is removed
INFO:Xst:2399 - RAMs <Mram_data6>, <Mram_data22> are equivalent, second RAM is removed
INFO:Xst:2399 - RAMs <Mram_data6>, <Mram_data26> are equivalent, second RAM is removed
((((n0023<0> * sw<1>) + (n0023<0> * !sw<1>)) * sw<0>) + (!sw<0> * ((n0023<0> * !sw<1>) + (n0023<16> * sw<1>))))((((n0023<5> * sw<1>) + (n0023<5> * !sw<1>)) * sw<0>) + (!sw<0> * ((n0023<1> * sw<1>) + (n0023<1> * !sw<1>))))((((n0023<1> * !sw<1>) + (n0023<1> * sw<1>)) * sw<0>) + (!sw<0> * ((n0023<1> * sw<1>) + (n0023<3> * !sw<1>))))((((n0023<12> * !sw<1>) + (n0023<3> * sw<1>)) * sw<0>) + (!sw<0> * ((n0023<3> * sw<1>) + (n0023<3> * !sw<1>))))((((n0023<1> * !sw<1>) + (n0023<1> * sw<1>)) * sw<0>) + (!sw<0> * ((n0023<5> * sw<1>) + (n0023<5> * !sw<1>))))((((n0023<1> * !sw<1>) + (n0023<0> * sw<1>)) * sw<0>) + (!sw<0> * ((n0023<1> * sw<1>) + (n0023<1> * !sw<1>))))
Mapping all equations...
Building and optimizing final netlist ...
Found area constraint ratio of 100 (+ 5) on block cunchuqi, actual ratio is 0.

Final Macro Processing ...

=========================================================================
Final Register Report

Macro Statistics
# Registers                                            : 8
 Flip-Flops                                            : 8

=========================================================================

=========================================================================
*                           Partition Report                            *
=========================================================================

Partition Implementation Status
-------------------------------

  No Partitions were found in this design.

-------------------------------

=========================================================================
*                            Design Summary                             *
=========================================================================

Top Level Output File Name         : cunchuqi.ngc

Primitive and Black Box Usage:
------------------------------
# BELS                             : 15
#      INV                         : 2
#      LUT2                        : 5
#      LUT3                        : 2
#      LUT4                        : 4
#      LUT6                        : 2
# FlipFlops/Latches                : 8
#      FDE                         : 8
# RAMS                             : 6
#      RAM32X1S                    : 6
# Clock Buffers                    : 1
#      BUFGP                       : 1
# IO Buffers                       : 16
#      IBUF                        : 8
#      OBUF                        : 8

Device utilization summary:
---------------------------

Selected Device : 7a100tfgg484-2l 


Slice Logic Utilization: 
 Number of Slice Registers:               8  out of  126800     0%  
 Number of Slice LUTs:                   21  out of  63400     0%  
    Number used as Logic:                15  out of  63400     0%  
    Number used as Memory:                6  out of  19000     0%  
       Number used as RAM:                6

Slice Logic Distribution: 
 Number of LUT Flip Flop pairs used:     21
   Number with an unused Flip Flop:      13  out of     21    61%  
   Number with an unused LUT:             0  out of     21     0%  
   Number of fully used LUT-FF pairs:     8  out of     21    38%  
   Number of unique control sets:         1

IO Utilization: 
 Number of IOs:                          18
 Number of bonded IOBs:                  17  out of    285     5%  

Specific Feature Utilization:
 Number of BUFG/BUFGCTRLs:                1  out of     32     3%  

---------------------------
Partition Resource Summary:
---------------------------

  No Partitions were found in this design.

---------------------------


=========================================================================
Timing Report

NOTE: THESE TIMING NUMBERS ARE ONLY A SYNTHESIS ESTIMATE.
      FOR ACCURATE TIMING INFORMATION PLEASE REFER TO THE TRACE REPORT
      GENERATED AFTER PLACE-and-ROUTE.

Clock Information:
------------------
-----------------------------------+------------------------+-------+
Clock Signal                       | Clock buffer(FF name)  | Load  |
-----------------------------------+------------------------+-------+
clk                                | BUFGP                  | 14    |
-----------------------------------+------------------------+-------+

Asynchronous Control Signals Information:
----------------------------------------
No asynchronous control signals found in this design

Timing Summary:
---------------
Speed Grade: -2

   Minimum period: 1.747ns (Maximum Frequency: 572.361MHz)
   Minimum input arrival time before clock: 1.259ns
   Maximum output required time after clock: 0.737ns
   Maximum combinational path delay: No path found

Timing Details:
---------------
All values displayed in nanoseconds (ns)

=========================================================================
Timing constraint: Default period analysis for Clock 'clk'
  Clock period: 1.747ns (frequency: 572.361MHz)
  Total number of paths / destination ports: 20 / 8
-------------------------------------------------------------------------
Delay:               1.747ns (Levels of Logic = 1)
  Source:            Mram_data6 (RAM)
  Destination:       led_2 (FF)
  Source Clock:      clk rising
  Destination Clock: clk rising

  Data Path: Mram_data6 to led_2
                                Gate     Net
    Cell:in->out      fanout   Delay   Delay  Logical Name (Net Name)
    ----------------------------------------  ------------
     RAM32X1S:WCLK->O      4   0.961   0.666  Mram_data6 (n0023<5>)
     LUT6:I2->O            1   0.105   0.000  Mmux_sw[1]_mem_arr[6]_wide_mux_5_OUT31 (sw[1]_mem_arr[6]_wide_mux_5_OUT<2>)
     FDE:D                     0.015          led_2
    ----------------------------------------
    Total                      1.747ns (1.081ns logic, 0.666ns route)
                                       (61.9% logic, 38.1% route)

=========================================================================
Timing constraint: Default OFFSET IN BEFORE for Clock 'clk'
  Total number of paths / destination ports: 169 / 58
-------------------------------------------------------------------------
Offset:              1.259ns (Levels of Logic = 3)
  Source:            mem_arr<2> (PAD)
  Destination:       led_2 (FF)
  Destination Clock: clk rising

  Data Path: mem_arr<2> to led_2
                                Gate     Net
    Cell:in->out      fanout   Delay   Delay  Logical Name (Net Name)
    ----------------------------------------  ------------
     IBUF:I->O             6   0.001   0.367  mem_arr_2_IBUF (mem_arr_2_IBUF)
     RAM32X1S:A0->O        4   0.105   0.666  Mram_data1 (n0023<0>)
     LUT6:I2->O            1   0.105   0.000  Mmux_sw[1]_mem_arr[6]_wide_mux_5_OUT71 (sw[1]_mem_arr[6]_wide_mux_5_OUT<6>)
     FDE:D                     0.015          led_6
    ----------------------------------------
    Total                      1.259ns (0.226ns logic, 1.033ns route)
                                       (17.9% logic, 82.1% route)

=========================================================================
Timing constraint: Default OFFSET OUT AFTER for Clock 'clk'
  Total number of paths / destination ports: 8 / 8
-------------------------------------------------------------------------
Offset:              0.737ns (Levels of Logic = 1)
  Source:            led_7 (FF)
  Destination:       led<7> (PAD)
  Source Clock:      clk rising

  Data Path: led_7 to led<7>
                                Gate     Net
    Cell:in->out      fanout   Delay   Delay  Logical Name (Net Name)
    ----------------------------------------  ------------
     FDE:C->Q              1   0.398   0.339  led_7 (led_7)
     OBUF:I->O                 0.000          led_7_OBUF (led<7>)
    ----------------------------------------
    Total                      0.737ns (0.398ns logic, 0.339ns route)
                                       (54.0% logic, 46.0% route)

=========================================================================

Cross Clock Domains Report:
--------------------------

Clock to Setup on destination clock clk
---------------+---------+---------+---------+---------+
               | Src:Rise| Src:Fall| Src:Rise| Src:Fall|
Source Clock   |Dest:Rise|Dest:Rise|Dest:Fall|Dest:Fall|
---------------+---------+---------+---------+---------+
clk            |    1.747|         |         |         |
---------------+---------+---------+---------+---------+

=========================================================================


Total REAL time to Xst completion: 6.00 secs
Total CPU time to Xst completion: 5.84 secs
 
--> 

Total memory usage is 4680872 kilobytes

Number of errors   :    0 (   0 filtered)
Number of warnings :   33 (   0 filtered)
Number of infos    :   27 (   0 filtered)

