
****** PlanAhead v14.7 (64-bit)
  **** Build 321239 by xbuild on Fri Sep 27 19:29:51 MDT 2013
    ** Copyright 1986-1999, 2001-2013 Xilinx, Inc. All Rights Reserved.

INFO: [Common 17-78] Attempting to get a license: PlanAhead
INFO: [Common 17-290] Got license for PlanAhead
INFO: [Device 21-36] Loading parts and site information from D:/ise/14.7/ISE_DS/PlanAhead/data/parts/arch.xml
Parsing RTL primitives file [D:/ise/14.7/ISE_DS/PlanAhead/data/parts/xilinx/rtl/prims/rtl_prims.xml]
Finished parsing RTL primitives file [D:/ise/14.7/ISE_DS/PlanAhead/data/parts/xilinx/rtl/prims/rtl_prims.xml]
start_gui
source D:/zuchengyuanli/cunchuqi/pa.fromHdl.tcl
# create_project -name cunchuqi -dir "D:/zuchengyuanli/cunchuqi/planAhead_run_1" -part xc7a100tfgg484-2L
# set_param project.pinAheadLayout yes
# set srcset [get_property srcset [current_run -impl]]
# set_property target_constrs_file "cunchuqi.ucf" [current_fileset -constrset]
Adding file 'D:/zuchengyuanli/cunchuqi/cunchuqi.ucf' to fileset 'constrs_1'
# set hdlfile [add_files [list {cunchuqi.v}]]
# set_property file_type Verilog $hdlfile
# set_property library work $hdlfile
# set_property top cunchuqi $srcset
# add_files [list {cunchuqi.ucf}] -fileset [get_property constrset [current_run]]
# open_rtl_design -part xc7a100tfgg484-2L
Using Verific elaboration
Parsing VHDL file "D:/ise/14.7/ISE_DS/PlanAhead/data/parts/xilinx/rtl/lib/synplify/synattr.vhd" into library synplify
Analyzing Verilog file "D:/zuchengyuanli/cunchuqi/cunchuqi.v" into library work
Loading clock regions from D:/ise/14.7/ISE_DS/PlanAhead/data\parts/xilinx/artix7/artix7/xc7a100t/ClockRegion.xml
Loading clock buffers from D:/ise/14.7/ISE_DS/PlanAhead/data\parts/xilinx/artix7/artix7/xc7a100t/ClockBuffers.xml
Loading clock placement rules from D:/ise/14.7/ISE_DS/PlanAhead/data/parts/xilinx/artix7/ClockPlacerRules.xml
Loading package pin functions from D:/ise/14.7/ISE_DS/PlanAhead/data\parts/xilinx/artix7/PinFunctions.xml...
Loading package from D:/ise/14.7/ISE_DS/PlanAhead/data\parts/xilinx/artix7/artix7/xc7a100t/fgg484/Package.xml
Loading io standards from D:/ise/14.7/ISE_DS/PlanAhead/data\./parts/xilinx/artix7/IOStandards.xml
Loading device configuration modes from D:/ise/14.7/ISE_DS/PlanAhead/data\parts/xilinx/artix7/ConfigModes.xml
Loading list of drcs for the architecture : D:/ise/14.7/ISE_DS/PlanAhead/data\./parts/xilinx/artix7/drc.xml
Parsing UCF File [D:/zuchengyuanli/cunchuqi/cunchuqi.ucf]
Finished Parsing UCF File [D:/zuchengyuanli/cunchuqi/cunchuqi.ucf]
INFO: [Project 1-111] Unisim Transformation Summary:
No Unisim elements were transformed.

Phase 0 | Netlist Checksum: 2e4870c5
open_rtl_design: Time (s): elapsed = 00:00:08 . Memory (MB): peak = 884.117 ; gain = 416.605
update_compile_order -fileset sim_1
set_property iostandard LVCMOS18 [get_ports [list {led[7]} {led[6]} {led[5]} {led[4]} {led[3]} {led[2]} {led[1]} {led[0]}]]
set_property iostandard LVCMOS18 [get_ports [list {mem_arr[7]} {mem_arr[6]} {mem_arr[5]} {mem_arr[4]} {mem_arr[3]} {mem_arr[2]}]]
set_property iostandard LVCMOS18 [get_ports [list {sw[1]} {sw[0]}]]
set_property pulltype PULLDOWN [get_ports [list {mem_arr[7]} {mem_arr[6]} {mem_arr[5]} {mem_arr[4]} {mem_arr[3]} {mem_arr[2]}]]
set_property pulltype PULLDOWN [get_ports [list {sw[1]} {sw[0]}]]
set_property iostandard LVCMOS18 [get_ports [list mem_write]]
set_property iostandard LVCMOS18 [get_ports [list clk]]
set_property pulltype PULLDOWN [get_ports [list clk]]
set_property pulltype PULLDOWN [get_ports [list mem_write]]
startgroup
set_property package_pin T3 [get_ports {mem_arr[7]}]
endgroup
startgroup
set_property package_pin U3 [get_ports {mem_arr[6]}]
endgroup
startgroup
set_property package_pin T4 [get_ports {mem_arr[5]}]
endgroup
startgroup
set_property package_pin V3 [get_ports {mem_arr[4]}]
endgroup
startgroup
set_property package_pin V4 [get_ports {mem_arr[3]}]
endgroup
startgroup
set_property package_pin W4 [get_ports {mem_arr[2]}]
endgroup
startgroup
set_property package_pin Y4 [get_ports {sw[1]}]
endgroup
startgroup
set_property package_pin Y6 [get_ports {sw[0]}]
endgroup
startgroup
set_property package_pin R4 [get_ports clk]
endgroup
set_property package_pin "" [get_ports [list  mem_write]]
startgroup
set_property package_pin W7 [get_ports mem_write]
endgroup
save_constraints
exit
ERROR: [Common 17-39] 'stop_gui' failed due to earlier errors.
INFO: [Common 17-206] Exiting PlanAhead at Tue May 10 19:42:40 2022...
INFO: [Common 17-83] Releasing license: PlanAhead
