#-----------------------------------------------------------
# PlanAhead v14.7 (64-bit)
# Build 321239 by xbuild on Fri Sep 27 19:29:51 MDT 2013
# Start of session at: Tue May 10 19:49:11 2022
# Process ID: 13268
# Log file: D:/zuchengyuanli/cunchuqi/planAhead_run_2/planAhead.log
# Journal file: D:/zuchengyuanli/cunchuqi/planAhead_run_2/planAhead.jou
#-----------------------------------------------------------
INFO: [Common 17-78] Attempting to get a license: PlanAhead
INFO: [Common 17-290] Got license for PlanAhead
INFO: [Device 21-36] Loading parts and site information from D:/ise/14.7/ISE_DS/PlanAhead/data/parts/arch.xml
Parsing RTL primitives file [D:/ise/14.7/ISE_DS/PlanAhead/data/parts/xilinx/rtl/prims/rtl_prims.xml]
Finished parsing RTL primitives file [D:/ise/14.7/ISE_DS/PlanAhead/data/parts/xilinx/rtl/prims/rtl_prims.xml]
start_gui
source D:/zuchengyuanli/cunchuqi/pa.fromHdl.tcl
# create_project -name cunchuqi -dir "D:/zuchengyuanli/cunchuqi/planAhead_run_2" -part xc7a100tfgg484-2L
# set_param project.pinAheadLayout yes
# set srcset [get_property srcset [current_run -impl]]
# set_property target_constrs_file "cunchuqi.ucf" [current_fileset -constrset]
Adding file 'D:/zuchengyuanli/cunchuqi/cunchuqi.ucf' to fileset 'constrs_1'
INFO: [Common 17-41] Interrupt caught. Command should exit soon.
INFO: [Common 17-344] 'add_files' was cancelled
INFO: [Common 17-344] 'source' was cancelled
update_compile_order -fileset sources_1
update_compile_order -fileset sim_1
exit
ERROR: [PlanAhead 12-106] *** Exception: ui.h.b: Found deleted key in HTclEventBroker. Verify if the classes listed here call cleanup()
HTclEvent: SIGNAL_BUS_MODIFY   Classes: ui.views.aR 
HTclEvent: DEBUG_CORE_CONFIG_CHANGE   Classes: ui.views.aR 
HTclEvent: SIGNAL_MODIFY   Classes: ui.views.aR 
HTclEvent: DEBUG_PORT_CONFIG_CHANGE   Classes: ui.views.aR 
 (See D:/zuchengyuanli/cunchuqi\planAhead_pid13268.debug)
ERROR: [Common 17-39] 'stop_gui' failed due to earlier errors.
INFO: [Common 17-206] Exiting PlanAhead at Tue May 10 19:49:22 2022...
INFO: [Common 17-83] Releasing license: PlanAhead
